# JRE version: OpenJDK Runtime Environment (8.0_171-b11) (build 1.8.0_171-8u171-b11-0ubuntu0.17.10.1-b11)
# Java VM: OpenJDK 64-Bit Server VM (25.171-b11 mixed mode linux-amd64 compressed oops)
Heap:
 PSYoungGen      total 1198592K, used 19440K [0x000000076d000000, 0x00000007b7780000, 0x00000007c0000000)
  eden space 1179136K, 0% used [0x000000076d000000,0x000000076d000000,0x00000007b4f80000)
  from space 19456K, 99% used [0x00000007b5180000,0x00000007b647c050,0x00000007b6480000)
  to   space 12800K, 0% used [0x00000007b6b00000,0x00000007b6b00000,0x00000007b7780000)
 ParOldGen       total 165376K, used 44004K [0x00000006c7000000, 0x00000006d1180000, 0x000000076d000000)
  object space 165376K, 26% used [0x00000006c7000000,0x00000006c9af9260,0x00000006d1180000)
 Metaspace       used 47054K, capacity 47529K, committed 47872K, reserved 1091584K
  class space    used 5746K, capacity 5873K, committed 5888K, reserved 1048576K
GC Heap History (10 events):
Event: 20.277 GC heap after
Heap after GC invocations=18 (full 2):
 PSYoungGen      total 946688K, used 0K [0x000000076d000000, 0x00000007a7f80000, 0x00000007c0000000)
  eden space 942592K, 0% used [0x000000076d000000,0x000000076d000000,0x00000007a6880000)
  from space 4096K, 0% used [0x00000007a7b80000,0x00000007a7b80000,0x00000007a7f80000)
  to   space 7680K, 0% used [0x00000007a7080000,0x00000007a7080000,0x00000007a7800000)
 ParOldGen       total 165376K, used 17776K [0x00000006c7000000, 0x00000006d1180000, 0x000000076d000000)
  object space 165376K, 10% used [0x00000006c7000000,0x00000006c815c2e0,0x00000006d1180000)
 Metaspace       used 34766K, capacity 35203K, committed 35456K, reserved 1081344K
  class space    used 4287K, capacity 4410K, committed 4480K, reserved 1048576K
}
Event: 26.508 GC heap before
{Heap before GC invocations=19 (full 2):
 PSYoungGen      total 946688K, used 942592K [0x000000076d000000, 0x00000007a7f80000, 0x00000007c0000000)
  eden space 942592K, 100% used [0x000000076d000000,0x00000007a6880000,0x00000007a6880000)
  from space 4096K, 0% used [0x00000007a7b80000,0x00000007a7b80000,0x00000007a7f80000)
  to   space 7680K, 0% used [0x00000007a7080000,0x00000007a7080000,0x00000007a7800000)
 ParOldGen       total 165376K, used 17776K [0x00000006c7000000, 0x00000006d1180000, 0x000000076d000000)
  object space 165376K, 10% used [0x00000006c7000000,0x00000006c815c2e0,0x00000006d1180000)
 Metaspace       used 38456K, capacity 38921K, committed 39168K, reserved 1083392K
  class space    used 4718K, capacity 4859K, committed 4864K, reserved 1048576K
Event: 26.540 GC heap after
Heap after GC invocations=19 (full 2):
 PSYoungGen      total 958464K, used 7678K [0x000000076d000000, 0x00000007afe80000, 0x00000007c0000000)
  eden space 950784K, 0% used [0x000000076d000000,0x000000076d000000,0x00000007a7080000)
  from space 7680K, 99% used [0x00000007a7080000,0x00000007a77ff878,0x00000007a7800000)
  to   space 11776K, 0% used [0x00000007af300000,0x00000007af300000,0x00000007afe80000)
 ParOldGen       total 165376K, used 25397K [0x00000006c7000000, 0x00000006d1180000, 0x000000076d000000)
  object space 165376K, 15% used [0x00000006c7000000,0x00000006c88cd698,0x00000006d1180000)
 Metaspace       used 38456K, capacity 38921K, committed 39168K, reserved 1083392K
  class space    used 4718K, capacity 4859K, committed 4864K, reserved 1048576K
}
Event: 35.633 GC heap before
{Heap before GC invocations=20 (full 2):
 PSYoungGen      total 958464K, used 958462K [0x000000076d000000, 0x00000007afe80000, 0x00000007c0000000)
  eden space 950784K, 100% used [0x000000076d000000,0x00000007a7080000,0x00000007a7080000)
  from space 7680K, 99% used [0x00000007a7080000,0x00000007a77ff878,0x00000007a7800000)
  to   space 11776K, 0% used [0x00000007af300000,0x00000007af300000,0x00000007afe80000)
 ParOldGen       total 165376K, used 25397K [0x00000006c7000000, 0x00000006d1180000, 0x000000076d000000)
  object space 165376K, 15% used [0x00000006c7000000,0x00000006c88cd698,0x00000006d1180000)
 Metaspace       used 42861K, capacity 43395K, committed 43776K, reserved 1087488K
  class space    used 5181K, capacity 5318K, committed 5376K, reserved 1048576K
Event: 35.690 GC heap after
Heap after GC invocations=20 (full 2):
 PSYoungGen      total 1079296K, used 11771K [0x000000076d000000, 0x00000007b0780000, 0x00000007c0000000)
  eden space 1067520K, 0% used [0x000000076d000000,0x000000076d000000,0x00000007ae280000)
  from space 11776K, 99% used [0x00000007af300000,0x00000007afe7ed88,0x00000007afe80000)
  to   space 16896K, 0% used [0x00000007ae280000,0x00000007ae280000,0x00000007af300000)
 ParOldGen       total 165376K, used 34131K [0x00000006c7000000, 0x00000006d1180000, 0x000000076d000000)
  object space 165376K, 20% used [0x00000006c7000000,0x00000006c9154df8,0x00000006d1180000)
 Metaspace       used 42861K, capacity 43395K, committed 43776K, reserved 1087488K
  class space    used 5181K, capacity 5318K, committed 5376K, reserved 1048576K
}
Event: 42.328 GC heap before
{Heap before GC invocations=21 (full 2):
 PSYoungGen      total 1079296K, used 1079291K [0x000000076d000000, 0x00000007b0780000, 0x00000007c0000000)
  eden space 1067520K, 100% used [0x000000076d000000,0x00000007ae280000,0x00000007ae280000)
  from space 11776K, 99% used [0x00000007af300000,0x00000007afe7ed88,0x00000007afe80000)
  to   space 16896K, 0% used [0x00000007ae280000,0x00000007ae280000,0x00000007af300000)
 ParOldGen       total 165376K, used 34131K [0x00000006c7000000, 0x00000006d1180000, 0x000000076d000000)
  object space 165376K, 20% used [0x00000006c7000000,0x00000006c9154df8,0x00000006d1180000)
 Metaspace       used 43961K, capacity 44449K, committed 44928K, reserved 1089536K
  class space    used 5312K, capacity 5451K, committed 5504K, reserved 1048576K
Event: 42.354 GC heap after
Heap after GC invocations=21 (full 2):
 PSYoungGen      total 1084416K, used 13834K [0x000000076d000000, 0x00000007b7d00000, 0x00000007c0000000)
  eden space 1067520K, 0% used [0x000000076d000000,0x000000076d000000,0x00000007ae280000)
  from space 16896K, 81% used [0x00000007ae280000,0x00000007af002a40,0x00000007af300000)
  to   space 18432K, 0% used [0x00000007b6b00000,0x00000007b6b00000,0x00000007b7d00000)
 ParOldGen       total 165376K, used 37973K [0x00000006c7000000, 0x00000006d1180000, 0x000000076d000000)
  object space 165376K, 22% used [0x00000006c7000000,0x00000006c9515770,0x00000006d1180000)
 Metaspace       used 43961K, capacity 44449K, committed 44928K, reserved 1089536K
  class space    used 5312K, capacity 5451K, committed 5504K, reserved 1048576K
}
Event: 47.928 GC heap before
{Heap before GC invocations=22 (full 2):
 PSYoungGen      total 1084416K, used 1081354K [0x000000076d000000, 0x00000007b7d00000, 0x00000007c0000000)
  eden space 1067520K, 100% used [0x000000076d000000,0x00000007ae280000,0x00000007ae280000)
  from space 16896K, 81% used [0x00000007ae280000,0x00000007af002a40,0x00000007af300000)
  to   space 18432K, 0% used [0x00000007b6b00000,0x00000007b6b00000,0x00000007b7d00000)
 ParOldGen       total 165376K, used 37973K [0x00000006c7000000, 0x00000006d1180000, 0x000000076d000000)
  object space 165376K, 22% used [0x00000006c7000000,0x00000006c9515770,0x00000006d1180000)
 Metaspace       used 45314K, capacity 45789K, committed 46080K, reserved 1089536K
  class space    used 5486K, capacity 5615K, committed 5632K, reserved 1048576K
Event: 47.956 GC heap after
Heap after GC invocations=22 (full 2):
 PSYoungGen      total 1191936K, used 12555K [0x000000076d000000, 0x00000007b7780000, 0x00000007c0000000)
  eden space 1179136K, 0% used [0x000000076d000000,0x000000076d000000,0x00000007b4f80000)
  from space 12800K, 98% used [0x00000007b6b00000,0x00000007b7742c10,0x00000007b7780000)
  to   space 19456K, 0% used [0x00000007b5180000,0x00000007b5180000,0x00000007b6480000)
 ParOldGen       total 165376K, used 37981K [0x00000006c7000000, 0x00000006d1180000, 0x000000076d000000)
  object space 165376K, 22% used [0x00000006c7000000,0x00000006c9517770,0x00000006d1180000)
 Metaspace       used 45314K, capacity 45789K, committed 46080K, reserved 1089536K
  class space    used 5486K, capacity 5615K, committed 5632K, reserved 1048576K
}
Event: 52.633 GC heap before
{Heap before GC invocations=23 (full 2):
 PSYoungGen      total 1191936K, used 1191691K [0x000000076d000000, 0x00000007b7780000, 0x00000007c0000000)
  eden space 1179136K, 100% used [0x000000076d000000,0x00000007b4f80000,0x00000007b4f80000)
  from space 12800K, 98% used [0x00000007b6b00000,0x00000007b7742c10,0x00000007b7780000)
  to   space 19456K, 0% used [0x00000007b5180000,0x00000007b5180000,0x00000007b6480000)
 ParOldGen       total 165376K, used 37981K [0x00000006c7000000, 0x00000006d1180000, 0x000000076d000000)
  object space 165376K, 22% used [0x00000006c7000000,0x00000006c9517770,0x00000006d1180000)
 Metaspace       used 47054K, capacity 47529K, committed 47872K, reserved 1091584K
  class space    used 5746K, capacity 5873K, committed 5888K, reserved 1048576K

